[2026-05-07T21:58:40.206Z] [32minfo[39m: Logged in as OCS Bot#0358
[2026-05-07T21:58:57.484Z] [32minfo[39m: Logged in as OCS Bot#0358
[2026-05-07T22:00:19.592Z] [32minfo[39m: Logged in as OCS Bot#0358
[2026-05-07T22:00:41.873Z] [32minfo[39m: Logged in as OCS Bot#0358
[2026-05-07T22:00:47.907Z] [32minfo[39m: Logged in as OCS Bot#0358
[2026-05-07T22:00:56.182Z] [32minfo[39m: Logged in as OCS Bot#0358
[2026-05-07T22:01:05.675Z] [32minfo[39m: Logged in as OCS Bot#0358
[2026-05-07T22:01:27.644Z] [32minfo[39m: O.C.S Bot Online
[2026-05-07T22:01:27.649Z] [32minfo[39m: O.C.S Connected as OCS Bot#0358
[2026-05-07T22:13:40.765Z] [32minfo[39m: O.C.S Connected as OCS Bot#0358
[2026-05-07T22:13:40.767Z] [32minfo[39m: O.C.S Bot Online
[2026-05-07T22:52:18.711Z] [32minfo[39m: O.C.S Bot Online
[2026-05-07T22:52:18.716Z] [32minfo[39m: O.C.S Connected as OCS Bot#0358
[2026-05-07T23:04:51.223Z] [32minfo[39m: O.C.S Bot Online
[2026-05-07T23:04:51.228Z] [32minfo[39m: O.C.S Connected as OCS Bot#0358
[2026-05-07T23:05:28.413Z] [32minfo[39m: O.C.S Bot Online
[2026-05-07T23:05:28.418Z] [32minfo[39m: O.C.S Connected as OCS Bot#0358
[2026-05-07T23:05:52.228Z] [32minfo[39m: O.C.S Connected as OCS Bot#0358
[2026-05-07T23:05:52.229Z] [32minfo[39m: O.C.S Bot Online
[2026-05-07T23:06:34.411Z] [32minfo[39m: O.C.S Bot Online
[2026-05-07T23:06:34.415Z] [32minfo[39m: O.C.S Connected as OCS Bot#0358
[2026-05-07T23:10:41.956Z] [32minfo[39m: O.C.S Connected as OCS Bot#0358
[2026-05-07T23:10:41.958Z] [32minfo[39m: O.C.S Bot Online
[2026-05-07T23:10:50.022Z] [32minfo[39m: O.C.S Bot Online
[2026-05-07T23:10:50.027Z] [32minfo[39m: O.C.S Connected as OCS Bot#0358
[2026-05-07T23:12:48.493Z] [32minfo[39m: O.C.S Bot Online
[2026-05-07T23:12:48.499Z] [32minfo[39m: O.C.S Connected as OCS Bot#0358
[2026-05-07T23:12:56.040Z] [32minfo[39m: O.C.S Bot Online
[2026-05-07T23:12:56.045Z] [32minfo[39m: O.C.S Connected as OCS Bot#0358
[2026-05-07T23:13:05.324Z] [32minfo[39m: O.C.S Bot Online
[2026-05-07T23:13:05.329Z] [32minfo[39m: O.C.S Connected as OCS Bot#0358
[2026-05-07T23:16:40.435Z] [32minfo[39m: O.C.S Bot Online
[2026-05-07T23:16:40.440Z] [32minfo[39m: O.C.S Connected as OCS Bot#0358
[2026-05-07T23:17:54.648Z] [32minfo[39m: O.C.S Bot Online
[2026-05-07T23:17:54.653Z] [32minfo[39m: O.C.S Connected as OCS Bot#0358
[2026-05-07T23:18:53.116Z] [32minfo[39m: O.C.S Connected as OCS Bot#0358
[2026-05-07T23:18:53.118Z] [32minfo[39m: O.C.S Bot Online
[2026-05-07T23:27:14.684Z] [32minfo[39m: O.C.S Connected as OCS Bot#0358
[2026-05-07T23:27:14.689Z] [32minfo[39m: O.C.S Bot Online
[2026-05-07T23:28:00.648Z] [32minfo[39m: O.C.S Bot Online
[2026-05-07T23:28:00.652Z] [32minfo[39m: O.C.S Connected as OCS Bot#0358
[2026-05-07T23:28:45.199Z] [32minfo[39m: O.C.S Bot Online
[2026-05-07T23:28:45.204Z] [32minfo[39m: O.C.S Connected as OCS Bot#0358
[2026-05-07T23:29:40.209Z] [32minfo[39m: O.C.S Bot Online
[2026-05-07T23:29:40.214Z] [32minfo[39m: O.C.S Connected as OCS Bot#0358
[2026-05-07T23:30:07.417Z] [32minfo[39m: O.C.S Connected as OCS Bot#0358
[2026-05-07T23:30:07.419Z] [32minfo[39m: O.C.S Bot Online
[2026-05-07T23:34:55.556Z] [32minfo[39m: O.C.S Bot Online
[2026-05-07T23:34:55.561Z] [32minfo[39m: O.C.S Connected as OCS Bot#0358
[2026-05-07T23:41:15.888Z] [32minfo[39m: Database connected
[2026-05-07T23:41:16.354Z] [32minfo[39m: O.C.S Bot Online
[2026-05-07T23:41:16.382Z] [32minfo[39m: O.C.S Connected as OCS Bot#0358
[2026-05-08T00:30:26.787Z] [32minfo[39m: Database connected
[2026-05-08T00:30:27.393Z] [32minfo[39m: O.C.S Bot Online
[2026-05-08T00:30:27.397Z] [32minfo[39m: O.C.S Connected as OCS Bot#0358
[2026-05-08T01:24:56.327Z] [32minfo[39m: Database connected
[2026-05-08T01:24:56.339Z] [32minfo[39m: Restored 0 persistent panels
[2026-05-08T01:24:56.842Z] [32minfo[39m: O.C.S Bot Online
[2026-05-08T01:24:56.847Z] [32minfo[39m: O.C.S Connected as OCS Bot#0358
[2026-05-08T01:37:25.936Z] [32minfo[39m: Database connected
[2026-05-08T01:37:25.942Z] [32minfo[39m: Restored 0 persistent panels
[2026-05-08T01:37:26.430Z] [32minfo[39m: O.C.S Bot Online
[2026-05-08T01:37:26.435Z] [32minfo[39m: O.C.S Connected as OCS Bot#0358
[2026-05-08T01:38:23.933Z] [32minfo[39m: Database connected
[2026-05-08T01:38:23.938Z] [32minfo[39m: Restored 0 persistent panels
[2026-05-08T01:38:24.400Z] [32minfo[39m: O.C.S Bot Online
[2026-05-08T01:38:24.405Z] [32minfo[39m: O.C.S Connected as OCS Bot#0358
[2026-05-08T01:39:40.880Z] [32minfo[39m: Database connected
[2026-05-08T01:39:40.885Z] [32minfo[39m: Restored 0 persistent panels
[2026-05-08T01:39:41.497Z] [32minfo[39m: O.C.S Connected as OCS Bot#0358
[2026-05-08T01:39:41.498Z] [32minfo[39m: O.C.S Bot Online
[2026-05-08T01:39:52.409Z] [32minfo[39m: Database connected
[2026-05-08T01:39:52.416Z] [32minfo[39m: Restored 0 persistent panels
[2026-05-08T01:39:53.115Z] [32minfo[39m: O.C.S Bot Online
[2026-05-08T01:39:53.119Z] [32minfo[39m: O.C.S Connected as OCS Bot#0358
[2026-05-08T01:43:50.574Z] [32minfo[39m: Database connected
[2026-05-08T01:43:50.581Z] [32minfo[39m: Restored 0 persistent panels
[2026-05-08T01:43:51.057Z] [32minfo[39m: O.C.S Bot Online
[2026-05-08T01:43:51.060Z] [32minfo[39m: O.C.S Connected as OCS Bot#0358
[2026-05-08T01:51:00.708Z] [32minfo[39m: Database connected
[2026-05-08T01:51:00.714Z] [32minfo[39m: Restored 0 persistent panels
[2026-05-08T01:51:01.508Z] [32minfo[39m: O.C.S Bot Online
[2026-05-08T01:51:01.512Z] [32minfo[39m: O.C.S Connected as OCS Bot#0358
[2026-05-08T01:52:30.721Z] [32minfo[39m: Database connected
[2026-05-08T01:52:30.726Z] [32minfo[39m: Restored 1 persistent panels
[2026-05-08T01:52:31.316Z] [32minfo[39m: O.C.S Bot Online
[2026-05-08T01:52:31.319Z] [32minfo[39m: O.C.S Connected as OCS Bot#0358
[2026-05-08T01:54:32.233Z] [32minfo[39m: Database connected
[2026-05-08T01:54:32.239Z] [32minfo[39m: Restored 1 persistent panels
[2026-05-08T01:54:32.704Z] [32minfo[39m: O.C.S Connected as OCS Bot#0358
[2026-05-08T01:54:32.705Z] [32minfo[39m: O.C.S Bot Online
[2026-05-08T01:54:41.875Z] [32minfo[39m: Database connected
[2026-05-08T01:54:41.880Z] [32minfo[39m: Restored 1 persistent panels
[2026-05-08T01:54:42.771Z] [32minfo[39m: O.C.S Bot Online
[2026-05-08T01:54:42.782Z] [32minfo[39m: O.C.S Connected as OCS Bot#0358
[2026-05-08T01:55:10.099Z] [32minfo[39m: Database connected
[2026-05-08T01:55:10.107Z] [32minfo[39m: Restored 1 persistent panels
[2026-05-08T01:55:10.563Z] [32minfo[39m: O.C.S Bot Online
[2026-05-08T01:55:10.581Z] [32minfo[39m: O.C.S Connected as OCS Bot#0358
[2026-05-08T01:55:30.287Z] [32minfo[39m: Database connected
[2026-05-08T01:55:30.292Z] [32minfo[39m: Restored 1 persistent panels
[2026-05-08T01:55:30.750Z] [32minfo[39m: O.C.S Bot Online
[2026-05-08T01:55:30.781Z] [32minfo[39m: O.C.S Connected as OCS Bot#0358
[2026-05-08T01:59:37.849Z] [32minfo[39m: Database connected
[2026-05-08T01:59:37.862Z] [32minfo[39m: Restored 2 persistent panels
[2026-05-08T01:59:38.398Z] [32minfo[39m: O.C.S Connected as OCS Bot#0358
[2026-05-08T01:59:38.399Z] [32minfo[39m: O.C.S Bot Online
[2026-05-08T02:07:26.308Z] [32minfo[39m: Database connected
[2026-05-08T02:07:26.323Z] [32minfo[39m: Restored 2 persistent panels
[2026-05-08T02:07:27.216Z] [32minfo[39m: O.C.S Bot Online
[2026-05-08T02:07:27.221Z] [32minfo[39m: O.C.S Connected as OCS Bot#0358
[2026-05-08T02:08:48.461Z] [32minfo[39m: Database connected
[2026-05-08T02:08:48.470Z] [32minfo[39m: Restored 2 persistent panels
[2026-05-08T02:08:48.944Z] [32minfo[39m: O.C.S Connected as OCS Bot#0358
[2026-05-08T02:08:48.945Z] [32minfo[39m: O.C.S Bot Online
[2026-05-08T02:08:59.919Z] [32minfo[39m: Database connected
[2026-05-08T02:08:59.927Z] [32minfo[39m: Restored 2 persistent panels
[2026-05-08T02:09:00.892Z] [32minfo[39m: O.C.S Bot Online
[2026-05-08T02:09:00.898Z] [32minfo[39m: O.C.S Connected as OCS Bot#0358
[2026-05-08T02:13:09.577Z] [32minfo[39m: Database connected
[2026-05-08T02:13:09.586Z] [32minfo[39m: Restored 2 persistent panels
[2026-05-08T02:13:10.071Z] [32minfo[39m: O.C.S Bot Online
[2026-05-08T02:13:10.078Z] [32minfo[39m: O.C.S Connected as OCS Bot#0358
[2026-05-08T02:22:13.411Z] [32minfo[39m: Database connected
[2026-05-08T02:22:13.432Z] [32minfo[39m: Restored 2 persistent panels
[2026-05-08T02:22:13.966Z] [32minfo[39m: O.C.S Bot Online
[2026-05-08T02:22:13.970Z] [32minfo[39m: O.C.S Connected as OCS Bot#0358
[2026-05-08T02:27:37.345Z] [32minfo[39m: Database connected
[2026-05-08T02:27:37.357Z] [32minfo[39m: Restored 2 persistent panels
[2026-05-08T02:27:37.913Z] [32minfo[39m: O.C.S Bot Online
[2026-05-08T02:27:37.917Z] [32minfo[39m: O.C.S Connected as OCS Bot#0358
[2026-05-08T02:29:55.548Z] [32minfo[39m: Database connected
[2026-05-08T02:29:55.560Z] [32minfo[39m: Restored 2 persistent panels
[2026-05-08T02:29:56.186Z] [32minfo[39m: O.C.S Bot Online
[2026-05-08T02:29:56.192Z] [32minfo[39m: O.C.S Connected as OCS Bot#0358
[2026-05-08T02:33:03.270Z] [32minfo[39m: Database connected
[2026-05-08T02:33:03.286Z] [32minfo[39m: Restored 2 persistent panels
[2026-05-08T02:33:03.778Z] [32minfo[39m: O.C.S Bot Online
[2026-05-08T02:33:03.784Z] [32minfo[39m: O.C.S Connected as OCS Bot#0358
[2026-05-08T02:46:33.528Z] [32minfo[39m: Database connected
[2026-05-08T02:46:33.546Z] [32minfo[39m: Restored 3 persistent panels
[2026-05-08T02:46:33.624Z] [32minfo[39m: Schedulers initialized
[2026-05-08T02:46:34.736Z] [32minfo[39m: O.C.S Connected as OCS Bot#0358
[2026-05-08T02:46:34.740Z] [32minfo[39m: O.C.S Bot Online
[2026-05-08T02:47:34.281Z] [32minfo[39m: Database connected
[2026-05-08T02:47:34.294Z] [32minfo[39m: Restored 3 persistent panels
[2026-05-08T02:47:34.330Z] [32minfo[39m: Schedulers initialized
[2026-05-08T02:47:34.905Z] [32minfo[39m: O.C.S Connected as OCS Bot#0358
[2026-05-08T02:47:34.906Z] [32minfo[39m: O.C.S Bot Online
[2026-05-08T02:48:00.012Z] [32minfo[39m: Running daily leaderboard reset
[2026-05-08T02:48:00.020Z] [32minfo[39m: Daily leaderboard reset completed
[2026-05-08T02:49:00.031Z] [32minfo[39m: Running daily leaderboard reset
[2026-05-08T02:49:00.038Z] [32minfo[39m: Daily leaderboard reset completed
[2026-05-08T02:49:41.405Z] [32minfo[39m: Database connected
[2026-05-08T02:49:41.417Z] [32minfo[39m: Restored 3 persistent panels
[2026-05-08T02:49:41.454Z] [32minfo[39m: Schedulers initialized
[2026-05-08T02:49:42.267Z] [32minfo[39m: O.C.S Bot Online
[2026-05-08T02:49:42.273Z] [32minfo[39m: O.C.S Connected as OCS Bot#0358
[2026-05-08T02:57:58.380Z] [32minfo[39m: Database connected
[2026-05-08T02:57:58.391Z] [32minfo[39m: Restored 3 persistent panels
[2026-05-08T02:57:58.430Z] [32minfo[39m: Schedulers initialized
[2026-05-08T02:57:58.903Z] [32minfo[39m: O.C.S Bot Online
[2026-05-08T02:57:58.911Z] [32minfo[39m: O.C.S Connected as OCS Bot#0358
[2026-05-08T03:22:35.011Z] [32minfo[39m: Database connected
[2026-05-08T03:22:35.071Z] [32minfo[39m: Restored 3 persistent panels
[2026-05-08T03:22:35.120Z] [32minfo[39m: Schedulers initialized
[2026-05-08T03:22:35.757Z] [32minfo[39m: O.C.S Bot Online
[2026-05-08T03:22:35.766Z] [32minfo[39m: O.C.S Connected as OCS Bot#0358
[2026-05-08T03:26:24.324Z] [32minfo[39m: Database connected
[2026-05-08T03:26:24.367Z] [32minfo[39m: Restored 4 persistent panels
[2026-05-08T03:26:24.410Z] [32minfo[39m: Schedulers initialized
[2026-05-08T03:26:25.010Z] [32minfo[39m: O.C.S Bot Online
[2026-05-08T03:26:25.022Z] [32minfo[39m: O.C.S Connected as OCS Bot#0358
[2026-05-08T04:03:24.093Z] [32minfo[39m: Database connected
[2026-05-08T04:03:24.216Z] [32minfo[39m: Restored 4 persistent panels
[2026-05-08T04:03:24.335Z] [32minfo[39m: Schedulers initialized
[2026-05-08T04:03:26.274Z] [32minfo[39m: O.C.S Bot Online
[2026-05-08T04:03:27.070Z] [32minfo[39m: O.C.S Connected as OCS Bot#0358
[2026-05-08T04:18:30.472Z] [32minfo[39m: Database connected
[2026-05-08T04:18:30.490Z] [32minfo[39m: Restored 7 persistent panels
[2026-05-08T04:18:30.537Z] [32minfo[39m: Schedulers initialized
[2026-05-08T04:18:30.617Z] [31merror[39m: Failed RCON connection: O.C.S.
[2026-05-08T04:18:30.694Z] [31merror[39m: Failed RCON connection: O.C.S. Official
[2026-05-08T04:18:30.785Z] [31merror[39m: Failed RCON connection: Test
[2026-05-08T04:18:31.329Z] [32minfo[39m: O.C.S Bot Online
[2026-05-08T04:18:31.337Z] [32minfo[39m: O.C.S Connected as OCS Bot#0358
[2026-05-08T04:20:10.730Z] [32minfo[39m: Database connected
[2026-05-08T04:20:10.774Z] [32minfo[39m: Restored 7 persistent panels
[2026-05-08T04:20:10.831Z] [32minfo[39m: Schedulers initialized
[2026-05-08T04:20:10.926Z] [31merror[39m: Failed RCON connection: O.C.S.
[2026-05-08T04:20:11.005Z] [31merror[39m: Failed RCON connection: O.C.S. Official
[2026-05-08T04:20:11.075Z] [31merror[39m: Failed RCON connection: Test
[2026-05-08T04:20:11.706Z] [32minfo[39m: O.C.S Bot Online
[2026-05-08T04:20:11.713Z] [32minfo[39m: O.C.S Connected as OCS Bot#0358
[2026-05-08T04:42:09.073Z] [32minfo[39m: Database connected
[2026-05-08T04:42:09.113Z] [32minfo[39m: Restored 7 persistent panels
[2026-05-08T04:42:09.230Z] [32minfo[39m: Schedulers initialized
[2026-05-08T04:42:09.281Z] [32minfo[39m: BattlEye UDP ready: O.C.S.
[2026-05-08T04:42:09.285Z] [32minfo[39m: BattlEye UDP ready: O.C.S. Official
[2026-05-08T04:42:09.286Z] [32minfo[39m: BattlEye UDP ready: Test
[2026-05-08T04:42:10.500Z] [32minfo[39m: O.C.S Bot Online
[2026-05-08T04:42:10.522Z] [32minfo[39m: O.C.S Connected as OCS Bot#0358
[2026-05-08T04:56:51.436Z] [32minfo[39m: Database connected
[2026-05-08T04:56:51.524Z] [32minfo[39m: Restored 7 persistent panels
[2026-05-08T04:56:51.629Z] [32minfo[39m: Schedulers initialized
[2026-05-08T04:56:51.681Z] [32minfo[39m: BattlEye UDP ready: O.C.S.
[2026-05-08T04:56:51.692Z] [32minfo[39m: BattlEye UDP ready: O.C.S. Official
[2026-05-08T04:56:51.693Z] [32minfo[39m: BattlEye UDP ready: Test
[2026-05-08T04:56:57.472Z] [32minfo[39m: O.C.S Bot Online
[2026-05-08T04:57:03.199Z] [32minfo[39m: O.C.S Connected as OCS Bot#0358
[2026-05-08T05:41:53.993Z] [32minfo[39m: Database connected
[2026-05-08T05:41:54.018Z] [32minfo[39m: Restored 8 persistent panels
[2026-05-08T05:41:54.092Z] [32minfo[39m: Schedulers initialized
[2026-05-08T05:41:54.100Z] [32minfo[39m: BattlEye UDP ready: O.C.S.
[2026-05-08T05:41:54.103Z] [32minfo[39m: Sent BattlEye auth packet
[2026-05-08T05:41:54.103Z] [32minfo[39m: BattlEye UDP ready: O.C.S. Official
[2026-05-08T05:41:54.103Z] [32minfo[39m: Sent BattlEye auth packet
[2026-05-08T05:41:54.104Z] [32minfo[39m: BattlEye UDP ready: Test
[2026-05-08T05:41:54.104Z] [32minfo[39m: Sent BattlEye auth packet
[2026-05-08T05:41:55.025Z] [32minfo[39m: O.C.S Bot Online
[2026-05-08T05:41:55.037Z] [32minfo[39m: O.C.S Connected as OCS Bot#0358
[2026-05-08T05:42:04.974Z] [32minfo[39m: Sent command: ServerInfo
[2026-05-08T05:42:14.291Z] [32minfo[39m: Registered live status board for guild 1502056362773844029
[2026-05-08T05:42:24.129Z] [32minfo[39m: Sent command: ServerInfo
[2026-05-08T05:42:24.130Z] [32minfo[39m: Sent command: ServerInfo
[2026-05-08T05:42:24.130Z] [32minfo[39m: Sent command: ServerInfo
[2026-05-08T05:42:54.108Z] [32minfo[39m: Sent command: ServerInfo
[2026-05-08T05:43:24.133Z] [32minfo[39m: Sent command: ServerInfo
[2026-05-08T05:43:54.151Z] [32minfo[39m: Sent command: ServerInfo
[2026-05-08T05:44:28.194Z] [32minfo[39m: Database connected
[2026-05-08T05:44:28.217Z] [32minfo[39m: Restored 8 persistent panels
[2026-05-08T05:44:28.292Z] [32minfo[39m: Schedulers initialized
[2026-05-08T05:44:28.297Z] [32minfo[39m: BattlEye UDP ready: O.C.S.
[2026-05-08T05:44:28.300Z] [32minfo[39m: Sent BattlEye auth packet
[2026-05-08T05:44:29.263Z] [32minfo[39m: O.C.S Bot Online
[2026-05-08T05:44:29.279Z] [32minfo[39m: O.C.S Connected as OCS Bot#0358
[2026-05-08T05:45:29.696Z] [32minfo[39m: Sent command: ServerInfo
[2026-05-08T05:46:56.494Z] [32minfo[39m: Database connected
[2026-05-08T05:46:56.511Z] [32minfo[39m: Restored 8 persistent panels
[2026-05-08T05:46:56.551Z] [32minfo[39m: Schedulers initialized
[2026-05-08T05:46:56.568Z] [32minfo[39m: BattlEye UDP ready: O.C.S.
[2026-05-08T05:46:56.570Z] [32minfo[39m: Sent BattlEye auth packet
[2026-05-08T05:46:57.106Z] [32minfo[39m: O.C.S Bot Online
[2026-05-08T05:46:57.116Z] [32minfo[39m: O.C.S Connected as OCS Bot#0358
[2026-05-08T05:50:56.735Z] [32minfo[39m: Sent command: ServerInfo
[2026-05-08T05:52:15.211Z] [32minfo[39m: Database connected
[2026-05-08T05:52:15.236Z] [32minfo[39m: Restored 12 persistent panels
[2026-05-08T05:52:15.302Z] [32minfo[39m: Schedulers initialized
[2026-05-08T05:52:15.306Z] [32minfo[39m: BattlEye UDP ready: O.C.S.
[2026-05-08T05:52:15.308Z] [32minfo[39m: Sent BattlEye auth packet
[2026-05-08T05:52:15.960Z] [32minfo[39m: O.C.S Bot Online
[2026-05-08T05:52:15.969Z] [32minfo[39m: O.C.S Connected as OCS Bot#0358
[2026-05-08T05:55:09.584Z] [32minfo[39m: Database connected
[2026-05-08T05:55:09.609Z] [32minfo[39m: Restored 12 persistent panels
[2026-05-08T05:55:09.680Z] [32minfo[39m: Schedulers initialized
[2026-05-08T05:55:09.685Z] [32minfo[39m: BattlEye UDP ready: O.C.S.
[2026-05-08T05:55:09.688Z] [32minfo[39m: Sent BattlEye auth packet
[2026-05-08T05:55:10.301Z] [32minfo[39m: O.C.S Bot Online
[2026-05-08T05:55:10.313Z] [32minfo[39m: O.C.S Connected as OCS Bot#0358
[2026-05-08T06:01:07.220Z] [32minfo[39m: Database connected
[2026-05-08T06:01:07.236Z] [32minfo[39m: Restored 12 persistent panels
[2026-05-08T06:01:07.280Z] [32minfo[39m: Schedulers initialized
[2026-05-08T06:01:07.285Z] [32minfo[39m: BattlEye UDP ready: O.C.S.
[2026-05-08T06:01:07.287Z] [32minfo[39m: Sent BattlEye auth packet
[2026-05-08T06:01:07.871Z] [32minfo[39m: O.C.S Bot Online
[2026-05-08T06:01:07.880Z] [32minfo[39m: O.C.S Connected as OCS Bot#0358
[2026-05-08T06:01:48.826Z] [32minfo[39m: Registered live status board for guild 1502056362773844029
[2026-05-08T06:02:07.330Z] [32minfo[39m: Sent command: ServerInfo
[2026-05-08T06:02:37.318Z] [32minfo[39m: Sent command: ServerInfo
[2026-05-08T06:03:07.339Z] [32minfo[39m: Sent command: ServerInfo
[2026-05-08T06:03:37.366Z] [32minfo[39m: Sent command: ServerInfo
[2026-05-08T06:04:07.383Z] [32minfo[39m: Sent command: ServerInfo
[2026-05-08T06:04:37.388Z] [32minfo[39m: Sent command: ServerInfo
[2026-05-08T06:05:07.415Z] [32minfo[39m: Sent command: ServerInfo
[2026-05-08T06:05:37.436Z] [32minfo[39m: Sent command: ServerInfo
[2026-05-08T06:06:07.448Z] [32minfo[39m: Sent command: ServerInfo
[2026-05-08T06:06:37.451Z] [32minfo[39m: Sent command: ServerInfo
[2026-05-08T06:07:16.388Z] [32minfo[39m: Database connected
[2026-05-08T06:07:16.405Z] [32minfo[39m: Restored 12 persistent panels
[2026-05-08T06:07:16.445Z] [32minfo[39m: Schedulers initialized
[2026-05-08T06:07:16.471Z] [32minfo[39m: BattlEye UDP ready: O.C.S.
[2026-05-08T06:07:16.472Z] [32minfo[39m: Sent BattlEye auth packet
[2026-05-08T06:07:16.974Z] [32minfo[39m: O.C.S Bot Online
[2026-05-08T06:07:16.988Z] [32minfo[39m: O.C.S Connected as OCS Bot#0358
[2026-05-08T06:17:25.760Z] [32minfo[39m: Registered live status board for guild 1502056362773844029
[2026-05-08T06:17:46.816Z] [32minfo[39m: Sent command: ServerInfo
[2026-05-08T06:18:16.816Z] [32minfo[39m: Sent command: ServerInfo
[2026-05-08T06:18:46.825Z] [32minfo[39m: Sent command: ServerInfo
[2026-05-08T06:19:16.845Z] [32minfo[39m: Sent command: ServerInfo
[2026-05-08T06:19:46.868Z] [32minfo[39m: Sent command: ServerInfo
[2026-05-08T06:20:16.886Z] [32minfo[39m: Sent command: ServerInfo
[2026-05-08T06:20:46.894Z] [32minfo[39m: Sent command: ServerInfo
[2026-05-08T06:21:16.918Z] [32minfo[39m: Sent command: ServerInfo
[2026-05-08T06:21:46.944Z] [32minfo[39m: Sent command: ServerInfo
[2026-05-08T06:22:16.957Z] [32minfo[39m: Sent command: ServerInfo
[2026-05-08T06:22:46.966Z] [32minfo[39m: Sent command: ServerInfo
[2026-05-08T06:23:16.977Z] [32minfo[39m: Sent command: ServerInfo
[2026-05-08T06:23:46.982Z] [32minfo[39m: Sent command: ServerInfo
[2026-05-08T06:24:16.999Z] [32minfo[39m: Sent command: ServerInfo
[2026-05-08T06:24:47.021Z] [32minfo[39m: Sent command: ServerInfo
[2026-05-08T06:25:17.028Z] [32minfo[39m: Sent command: ServerInfo
[2026-05-08T06:25:47.029Z] [32minfo[39m: Sent command: ServerInfo
[2026-05-08T06:26:17.054Z] [32minfo[39m: Sent command: ServerInfo
[2026-05-08T06:26:47.072Z] [32minfo[39m: Sent command: ServerInfo
[2026-05-08T06:27:17.079Z] [32minfo[39m: Sent command: ServerInfo
[2026-05-08T06:27:47.099Z] [32minfo[39m: Sent command: ServerInfo
[2026-05-08T06:29:36.733Z] [32minfo[39m: Database connected
[2026-05-08T06:29:36.799Z] [32minfo[39m: Restored 12 persistent panels
[2026-05-08T06:29:36.874Z] [32minfo[39m: Schedulers initialized
[2026-05-08T06:29:36.891Z] [32minfo[39m: BattlEye UDP ready: O.C.S.
[2026-05-08T06:29:36.898Z] [32minfo[39m: Sent BattlEye auth packet
[2026-05-08T06:29:37.695Z] [32minfo[39m: O.C.S Bot Online
[2026-05-08T06:29:37.718Z] [32minfo[39m: O.C.S Connected as OCS Bot#0358
[2026-05-08T06:41:27.180Z] [32minfo[39m: Database connected
[2026-05-08T06:41:27.201Z] [32minfo[39m: Restored 13 persistent panels
[2026-05-08T06:41:27.291Z] [32minfo[39m: Schedulers initialized
[2026-05-08T06:41:27.308Z] [32minfo[39m: BattlEye UDP ready: O.C.S.
[2026-05-08T06:41:27.311Z] [32minfo[39m: Sent BattlEye auth packet
[2026-05-08T06:41:27.844Z] [32minfo[39m: O.C.S Bot Online
[2026-05-08T06:41:27.855Z] [32minfo[39m: O.C.S Connected as OCS Bot#0358
[2026-05-08T06:42:05.829Z] [32minfo[39m: Registered live status board for guild 1502056362773844029
[2026-05-08T06:42:27.354Z] [32minfo[39m: Sent command: ServerInfo
[2026-05-08T06:42:57.336Z] [32minfo[39m: Sent command: ServerInfo
[2026-05-08T06:43:27.337Z] [32minfo[39m: Sent command: ServerInfo
[2026-05-08T06:43:57.342Z] [32minfo[39m: Sent command: ServerInfo
[2026-05-08T06:44:27.342Z] [32minfo[39m: Sent command: ServerInfo
[2026-05-08T06:44:57.346Z] [32minfo[39m: Sent command: ServerInfo
[2026-05-08T06:45:26.391Z] [32minfo[39m: Database connected
[2026-05-08T06:45:26.485Z] [32minfo[39m: Restored 16 persistent panels
[2026-05-08T06:45:36.277Z] [32minfo[39m: Database connected
[2026-05-08T06:45:36.297Z] [32minfo[39m: Restored 16 persistent panels
[2026-05-08T06:45:36.346Z] [32minfo[39m: Schedulers initialized
[2026-05-08T06:45:36.375Z] [32minfo[39m: BattlEye UDP ready: O.C.S.
[2026-05-08T06:45:36.378Z] [32minfo[39m: Sent BattlEye auth packet
[2026-05-08T06:45:36.990Z] [32minfo[39m: O.C.S Bot Online
[2026-05-08T06:45:37.000Z] [32minfo[39m: O.C.S Connected as OCS Bot#0358
[2026-05-08T06:46:17.586Z] [32minfo[39m: Database connected
[2026-05-08T06:46:19.012Z] [32minfo[39m: Restored 16 persistent panels
[2026-05-08T06:46:24.676Z] [32minfo[39m: Schedulers initialized
[2026-05-08T06:46:25.307Z] [32minfo[39m: BattlEye UDP ready: O.C.S.
[2026-05-08T06:46:25.485Z] [32minfo[39m: Sent BattlEye auth packet
[2026-05-08T06:47:00.095Z] [32minfo[39m: Database connected
[2026-05-08T06:47:00.121Z] [32minfo[39m: Restored 16 persistent panels
[2026-05-08T06:47:00.173Z] [32minfo[39m: Schedulers initialized
[2026-05-08T06:47:00.176Z] [32minfo[39m: BattlEye UDP ready: O.C.S.
[2026-05-08T06:47:00.178Z] [32minfo[39m: Sent BattlEye auth packet
[2026-05-08T06:47:00.656Z] [32minfo[39m: O.C.S Bot Online
[2026-05-08T06:47:00.663Z] [32minfo[39m: O.C.S Connected as OCS Bot#0358
[2026-05-08T06:49:21.820Z] [32minfo[39m: Database connected
[2026-05-08T06:49:22.079Z] [32minfo[39m: Restored 17 persistent panels
[2026-05-08T06:49:24.801Z] [32minfo[39m: Schedulers initialized
[2026-05-08T06:49:25.177Z] [32minfo[39m: BattlEye UDP ready: O.C.S.
[2026-05-08T06:49:25.310Z] [32minfo[39m: Sent BattlEye auth packet
[2026-05-08T06:49:59.496Z] [32minfo[39m: Database connected
[2026-05-08T06:49:59.585Z] [32minfo[39m: Restored 17 persistent panels
[2026-05-08T06:49:59.644Z] [32minfo[39m: Schedulers initialized
[2026-05-08T06:49:59.674Z] [32minfo[39m: BattlEye UDP ready: O.C.S.
[2026-05-08T06:49:59.679Z] [32minfo[39m: Sent BattlEye auth packet
[2026-05-08T06:50:01.290Z] [32minfo[39m: O.C.S Bot Online
[2026-05-08T06:50:01.405Z] [32minfo[39m: O.C.S Connected as OCS Bot#0358
[2026-05-08T06:56:19.446Z] [32minfo[39m: Database connected
[2026-05-08T06:56:19.479Z] [32minfo[39m: Restored 18 persistent panels
[2026-05-08T06:56:19.526Z] [32minfo[39m: Schedulers initialized
[2026-05-08T06:56:19.531Z] [32minfo[39m: BattlEye UDP ready: O.C.S.
[2026-05-08T06:56:19.534Z] [32minfo[39m: Sent BattlEye auth packet
[2026-05-08T06:56:20.156Z] [32minfo[39m: O.C.S Bot Online
[2026-05-08T06:56:20.169Z] [32minfo[39m: O.C.S Connected as OCS Bot#0358
[2026-05-08T06:58:40.807Z] [32minfo[39m: Database connected
[2026-05-08T06:58:40.872Z] [32minfo[39m: Restored 18 persistent panels
[2026-05-08T06:58:40.937Z] [32minfo[39m: Schedulers initialized
[2026-05-08T06:58:40.971Z] [32minfo[39m: BattlEye UDP ready: O.C.S.
[2026-05-08T06:58:40.973Z] [32minfo[39m: Sent BattlEye auth packet
[2026-05-08T06:58:42.081Z] [32minfo[39m: O.C.S Bot Online
[2026-05-08T06:58:42.308Z] [32minfo[39m: O.C.S Connected as OCS Bot#0358
[2026-05-08T07:08:46.389Z] [32minfo[39m: Database connected
[2026-05-08T07:08:46.416Z] [32minfo[39m: Restored 19 persistent panels
[2026-05-08T07:08:46.480Z] [32minfo[39m: Schedulers initialized
[2026-05-08T07:08:46.484Z] [32minfo[39m: BattlEye UDP ready: O.C.S.
[2026-05-08T07:08:46.487Z] [32minfo[39m: Sent BattlEye auth packet
[2026-05-08T07:08:47.058Z] [32minfo[39m: O.C.S Bot Online
[2026-05-08T07:08:47.072Z] [32minfo[39m: O.C.S Connected as OCS Bot#0358
[2026-05-08T07:17:02.497Z] [32minfo[39m: Database connected
[2026-05-08T07:17:02.528Z] [32minfo[39m: Restored 19 persistent panels
[2026-05-08T07:17:02.588Z] [32minfo[39m: Schedulers initialized
[2026-05-08T07:17:02.594Z] [32minfo[39m: BattlEye UDP ready: O.C.S.
[2026-05-08T07:17:02.596Z] [32minfo[39m: Sent BattlEye auth packet
[2026-05-08T07:17:03.334Z] [32minfo[39m: O.C.S Bot Online
[2026-05-08T07:17:03.339Z] [32minfo[39m: O.C.S Connected as OCS Bot#0358
[2026-05-08T07:17:40.711Z] [32minfo[39m: Database connected
[2026-05-08T07:17:40.734Z] [32minfo[39m: Restored 19 persistent panels
[2026-05-08T07:17:40.774Z] [32minfo[39m: Schedulers initialized
[2026-05-08T07:17:40.777Z] [32minfo[39m: BattlEye UDP ready: O.C.S.
[2026-05-08T07:17:40.779Z] [32minfo[39m: Sent BattlEye auth packet
[2026-05-08T07:17:41.304Z] [32minfo[39m: O.C.S Bot Online
[2026-05-08T07:17:41.308Z] [32minfo[39m: O.C.S Connected as OCS Bot#0358
[2026-05-08T07:20:25.500Z] [32minfo[39m: Database connected
[2026-05-08T07:20:25.523Z] [32minfo[39m: Restored 19 persistent panels
[2026-05-08T07:20:25.559Z] [32minfo[39m: Schedulers initialized
[2026-05-08T07:20:25.563Z] [32minfo[39m: BattlEye UDP ready: O.C.S.
[2026-05-08T07:20:25.565Z] [32minfo[39m: Sent BattlEye auth packet
[2026-05-08T07:20:26.125Z] [32minfo[39m: O.C.S Bot Online
[2026-05-08T07:20:26.131Z] [32minfo[39m: O.C.S Connected as OCS Bot#0358
[2026-05-08T07:27:53.369Z] [32minfo[39m: Database connected
[2026-05-08T07:27:53.388Z] [32minfo[39m: Restored 19 persistent panels
[2026-05-08T07:27:53.425Z] [32minfo[39m: Schedulers initialized
[2026-05-08T07:27:53.429Z] [32minfo[39m: BattlEye UDP ready: O.C.S.
[2026-05-08T07:27:53.431Z] [32minfo[39m: Sent BattlEye auth packet
[2026-05-08T07:27:54.275Z] [32minfo[39m: O.C.S Bot Online
[2026-05-08T07:27:54.280Z] [32minfo[39m: O.C.S Connected as OCS Bot#0358
[2026-05-08T07:28:26.627Z] [32minfo[39m: Database connected
[2026-05-08T07:28:26.688Z] [32minfo[39m: Restored 19 persistent panels
[2026-05-08T07:28:26.734Z] [32minfo[39m: Schedulers initialized
[2026-05-08T07:28:26.738Z] [32minfo[39m: BattlEye UDP ready: O.C.S.
[2026-05-08T07:28:26.740Z] [32minfo[39m: Sent BattlEye auth packet
[2026-05-08T07:28:27.339Z] [32minfo[39m: O.C.S Bot Online
[2026-05-08T07:28:27.345Z] [32minfo[39m: O.C.S Connected as OCS Bot#0358
[2026-05-08T07:30:58.669Z] [32minfo[39m: Database connected
[2026-05-08T07:30:58.690Z] [32minfo[39m: Restored 19 persistent panels
[2026-05-08T07:30:58.728Z] [32minfo[39m: Schedulers initialized
[2026-05-08T07:30:58.731Z] [32minfo[39m: BattlEye UDP ready: O.C.S.
[2026-05-08T07:30:58.733Z] [32minfo[39m: Sent BattlEye auth packet
[2026-05-08T07:30:59.174Z] [32minfo[39m: O.C.S Bot Online
[2026-05-08T07:30:59.179Z] [32minfo[39m: O.C.S Connected as OCS Bot#0358
[2026-05-08T07:37:24.232Z] [32minfo[39m: Database connected
[2026-05-08T07:37:24.282Z] [32minfo[39m: Restored 19 persistent panels
[2026-05-08T07:37:24.321Z] [32minfo[39m: Schedulers initialized
[2026-05-08T07:37:24.325Z] [32minfo[39m: BattlEye UDP ready: O.C.S.
[2026-05-08T07:37:24.327Z] [32minfo[39m: Sent BattlEye auth packet
[2026-05-08T07:37:24.910Z] [32minfo[39m: O.C.S Bot Online
[2026-05-08T07:37:24.916Z] [32minfo[39m: O.C.S Connected as OCS Bot#0358
[2026-05-08T07:38:18.811Z] [32minfo[39m: Database connected
[2026-05-08T07:38:18.869Z] [32minfo[39m: Restored 19 persistent panels
[2026-05-08T07:38:18.911Z] [32minfo[39m: Schedulers initialized
[2026-05-08T07:38:18.915Z] [32minfo[39m: BattlEye UDP ready: O.C.S.
[2026-05-08T07:38:18.917Z] [32minfo[39m: Sent BattlEye auth packet
[2026-05-08T07:38:19.380Z] [32minfo[39m: O.C.S Bot Online
[2026-05-08T07:38:19.387Z] [32minfo[39m: O.C.S Connected as OCS Bot#0358
[2026-05-08T07:58:34.589Z] [32minfo[39m: Database connected
[2026-05-08T07:58:34.614Z] [32minfo[39m: Restored 19 persistent panels
[2026-05-08T07:58:34.654Z] [32minfo[39m: Schedulers initialized
[2026-05-08T07:58:34.659Z] [32minfo[39m: BattlEye UDP ready: O.C.S.
[2026-05-08T07:58:34.668Z] [32minfo[39m: Sent BattlEye auth packet
[2026-05-08T07:58:35.511Z] [32minfo[39m: O.C.S Bot Online
[2026-05-08T07:58:35.542Z] [32minfo[39m: O.C.S Connected as OCS Bot#0358
[2026-05-08T08:02:05.128Z] [32minfo[39m: Database connected
[2026-05-08T08:02:05.147Z] [32minfo[39m: Restored 19 persistent panels
[2026-05-08T08:02:05.195Z] [32minfo[39m: Schedulers initialized
[2026-05-08T08:02:05.199Z] [32minfo[39m: BattlEye UDP ready: O.C.S.
[2026-05-08T08:02:05.201Z] [32minfo[39m: Sent BattlEye auth packet
[2026-05-08T08:02:05.728Z] [32minfo[39m: O.C.S Bot Online
[2026-05-08T08:02:05.734Z] [32minfo[39m: O.C.S Connected as OCS Bot#0358
[2026-05-08T08:02:39.574Z] [32minfo[39m: Database connected
[2026-05-08T08:02:39.603Z] [32minfo[39m: Restored 19 persistent panels
[2026-05-08T08:02:39.641Z] [32minfo[39m: Schedulers initialized
[2026-05-08T08:02:39.644Z] [32minfo[39m: BattlEye UDP ready: O.C.S.
[2026-05-08T08:02:39.647Z] [32minfo[39m: Sent BattlEye auth packet
[2026-05-08T08:02:40.190Z] [32minfo[39m: O.C.S Bot Online
[2026-05-08T08:02:40.202Z] [32minfo[39m: O.C.S Connected as OCS Bot#0358
[2026-05-08T08:03:02.806Z] [32minfo[39m: Database connected
[2026-05-08T08:03:02.835Z] [32minfo[39m: Restored 19 persistent panels
[2026-05-08T08:03:02.910Z] [32minfo[39m: Schedulers initialized
[2026-05-08T08:03:02.917Z] [32minfo[39m: BattlEye UDP ready: O.C.S.
[2026-05-08T08:03:02.920Z] [32minfo[39m: Sent BattlEye auth packet
[2026-05-08T08:03:03.697Z] [32minfo[39m: O.C.S Bot Online
[2026-05-08T08:03:03.704Z] [32minfo[39m: O.C.S Connected as OCS Bot#0358
[2026-05-08T08:08:41.308Z] [32minfo[39m: Database connected
[2026-05-08T08:08:41.331Z] [32minfo[39m: Restored 19 persistent panels
[2026-05-08T08:08:41.391Z] [32minfo[39m: Schedulers initialized
[2026-05-08T08:08:41.395Z] [32minfo[39m: BattlEye UDP ready: O.C.S.
[2026-05-08T08:08:41.397Z] [32minfo[39m: Sent BattlEye auth packet
[2026-05-08T08:08:42.029Z] [32minfo[39m: O.C.S Bot Online
[2026-05-08T08:08:42.035Z] [32minfo[39m: O.C.S Connected as OCS Bot#0358
[2026-05-08T08:14:33.693Z] [32minfo[39m: Database connected
[2026-05-08T08:14:33.714Z] [32minfo[39m: Restored 19 persistent panels
[2026-05-08T08:14:33.752Z] [32minfo[39m: Schedulers initialized
[2026-05-08T08:14:33.756Z] [32minfo[39m: BattlEye UDP ready: O.C.S.
[2026-05-08T08:14:33.758Z] [32minfo[39m: Sent BattlEye auth packet
[2026-05-08T08:14:34.246Z] [32minfo[39m: O.C.S Bot Online
[2026-05-08T08:14:34.251Z] [32minfo[39m: O.C.S Connected as OCS Bot#0358
[2026-05-08T08:19:33.660Z] [32minfo[39m: Database connected
[2026-05-08T08:19:33.680Z] [32minfo[39m: Restored 19 persistent panels
[2026-05-08T08:19:33.727Z] [32minfo[39m: Schedulers initialized
[2026-05-08T08:19:33.733Z] [32minfo[39m: BattlEye UDP ready: O.C.S.
[2026-05-08T08:19:33.735Z] [32minfo[39m: Sent BattlEye auth packet
[2026-05-08T08:19:34.303Z] [32minfo[39m: O.C.S Bot Online
[2026-05-08T08:19:34.308Z] [32minfo[39m: O.C.S Connected as OCS Bot#0358
[2026-05-08T08:20:35.294Z] [32minfo[39m: Database connected
[2026-05-08T08:20:35.316Z] [32minfo[39m: Restored 19 persistent panels
[2026-05-08T08:20:35.359Z] [32minfo[39m: Schedulers initialized
[2026-05-08T08:20:35.363Z] [32minfo[39m: BattlEye UDP ready: O.C.S.
[2026-05-08T08:20:35.365Z] [32minfo[39m: Sent BattlEye auth packet
[2026-05-08T08:20:35.880Z] [32minfo[39m: O.C.S Bot Online
[2026-05-08T08:20:35.889Z] [32minfo[39m: O.C.S Connected as OCS Bot#0358
[2026-05-08T08:22:13.794Z] [32minfo[39m: Database connected
[2026-05-08T08:22:13.814Z] [32minfo[39m: Restored 19 persistent panels
[2026-05-08T08:22:13.856Z] [32minfo[39m: Schedulers initialized
[2026-05-08T08:22:13.860Z] [32minfo[39m: BattlEye UDP ready: O.C.S.
[2026-05-08T08:22:13.862Z] [32minfo[39m: Sent BattlEye auth packet
[2026-05-08T08:22:14.456Z] [32minfo[39m: O.C.S Bot Online
[2026-05-08T08:22:14.463Z] [32minfo[39m: O.C.S Connected as OCS Bot#0358
[2026-05-08T08:42:49.121Z] [32minfo[39m: Database connected
[2026-05-08T08:42:49.145Z] [32minfo[39m: Restored 19 persistent panels
[2026-05-08T08:42:49.194Z] [32minfo[39m: Schedulers initialized
[2026-05-08T08:42:49.198Z] [32minfo[39m: BattlEye UDP ready: O.C.S.
[2026-05-08T08:42:49.200Z] [32minfo[39m: Sent BattlEye auth packet
[2026-05-08T08:42:49.650Z] [32minfo[39m: O.C.S Bot Online
[2026-05-08T08:42:49.658Z] [32minfo[39m: O.C.S Connected as OCS Bot#0358
[2026-05-08T08:47:53.689Z] [32minfo[39m: Database connected
[2026-05-08T08:47:53.707Z] [32minfo[39m: Restored 19 persistent panels
[2026-05-08T08:47:53.749Z] [32minfo[39m: Schedulers initialized
[2026-05-08T08:47:53.752Z] [32minfo[39m: BattlEye UDP ready: O.C.S.
[2026-05-08T08:47:53.754Z] [32minfo[39m: Sent BattlEye auth packet
[2026-05-08T08:47:54.260Z] [32minfo[39m: O.C.S Bot Online
[2026-05-08T08:47:54.268Z] [32minfo[39m: O.C.S Connected as OCS Bot#0358
[2026-05-08T08:50:13.322Z] [32minfo[39m: Database connected
[2026-05-08T08:50:13.340Z] [32minfo[39m: Restored 19 persistent panels
[2026-05-08T08:50:13.379Z] [32minfo[39m: Schedulers initialized
[2026-05-08T08:50:13.383Z] [32minfo[39m: BattlEye UDP ready: O.C.S.
[2026-05-08T08:50:13.384Z] [32minfo[39m: Sent BattlEye auth packet
[2026-05-08T08:50:14.217Z] [32minfo[39m: O.C.S Bot Online
[2026-05-08T08:50:14.221Z] [32minfo[39m: O.C.S Connected as OCS Bot#0358
[2026-05-08T08:55:36.460Z] [32minfo[39m: Database connected
[2026-05-08T08:55:36.480Z] [32minfo[39m: Restored 19 persistent panels
[2026-05-08T08:55:36.521Z] [32minfo[39m: Schedulers initialized
[2026-05-08T08:55:36.525Z] [32minfo[39m: BattlEye UDP ready: O.C.S.
[2026-05-08T08:55:36.527Z] [32minfo[39m: Sent BattlEye auth packet
[2026-05-08T08:55:37.295Z] [32minfo[39m: O.C.S Bot Online
[2026-05-08T08:55:37.300Z] [32minfo[39m: O.C.S Connected as OCS Bot#0358
[2026-05-08T08:56:48.941Z] [32minfo[39m: Database connected
[2026-05-08T08:56:48.958Z] [32minfo[39m: Restored 19 persistent panels
[2026-05-08T08:56:48.999Z] [32minfo[39m: Schedulers initialized
[2026-05-08T08:56:49.003Z] [32minfo[39m: BattlEye UDP ready: O.C.S.
[2026-05-08T08:56:49.005Z] [32minfo[39m: Sent BattlEye auth packet
[2026-05-08T08:56:50.008Z] [32minfo[39m: O.C.S Bot Online
[2026-05-08T08:56:50.052Z] [32minfo[39m: O.C.S Connected as OCS Bot#0358
[2026-05-08T08:57:08.938Z] [32minfo[39m: Database connected
[2026-05-08T08:57:08.969Z] [32minfo[39m: Restored 19 persistent panels
[2026-05-08T08:57:09.011Z] [32minfo[39m: Schedulers initialized
[2026-05-08T08:57:09.016Z] [32minfo[39m: BattlEye UDP ready: O.C.S.
[2026-05-08T08:57:09.019Z] [32minfo[39m: Sent BattlEye auth packet
[2026-05-08T08:57:09.591Z] [32minfo[39m: O.C.S Bot Online
[2026-05-08T08:57:09.596Z] [32minfo[39m: O.C.S Connected as OCS Bot#0358
[2026-05-08T08:57:57.596Z] [32minfo[39m: Database connected
[2026-05-08T08:57:57.613Z] [32minfo[39m: Restored 19 persistent panels
[2026-05-08T08:57:57.649Z] [32minfo[39m: Schedulers initialized
[2026-05-08T08:57:57.652Z] [32minfo[39m: BattlEye UDP ready: O.C.S.
[2026-05-08T08:57:57.654Z] [32minfo[39m: Sent BattlEye auth packet
[2026-05-08T08:57:58.128Z] [32minfo[39m: O.C.S Bot Online
[2026-05-08T08:57:58.134Z] [32minfo[39m: O.C.S Connected as OCS Bot#0358
[2026-05-08T08:59:57.674Z] [32minfo[39m: Expired trainer request: cmowo50hb0001s6qn542iagvi
[2026-05-08T09:02:38.801Z] [32minfo[39m: Database connected
[2026-05-08T09:02:38.820Z] [32minfo[39m: Restored 19 persistent panels
[2026-05-08T09:02:38.859Z] [32minfo[39m: Schedulers initialized
[2026-05-08T09:02:38.863Z] [32minfo[39m: BattlEye UDP ready: O.C.S.
[2026-05-08T09:02:38.867Z] [32minfo[39m: Sent BattlEye auth packet
[2026-05-08T09:02:39.596Z] [32minfo[39m: O.C.S Bot Online
[2026-05-08T09:02:39.623Z] [32minfo[39m: O.C.S Connected as OCS Bot#0358
[2026-05-08T09:10:37.157Z] [32minfo[39m: Database connected
[2026-05-08T09:10:37.175Z] [32minfo[39m: Restored 19 persistent panels
[2026-05-08T09:10:37.214Z] [32minfo[39m: Schedulers initialized
[2026-05-08T09:10:37.217Z] [32minfo[39m: BattlEye UDP ready: O.C.S.
[2026-05-08T09:10:37.219Z] [32minfo[39m: Sent BattlEye auth packet
[2026-05-08T09:10:37.796Z] [32minfo[39m: O.C.S Bot Online
[2026-05-08T09:10:37.801Z] [32minfo[39m: O.C.S Connected as OCS Bot#0358
[2026-05-08T09:20:04.891Z] [32minfo[39m: Database connected
[2026-05-08T09:20:04.904Z] [32minfo[39m: Restored 19 persistent panels
[2026-05-08T09:20:04.937Z] [32minfo[39m: Schedulers initialized
[2026-05-08T09:20:04.940Z] [32minfo[39m: BattlEye UDP ready: O.C.S.
[2026-05-08T09:20:04.941Z] [32minfo[39m: Sent BattlEye auth packet
[2026-05-08T09:20:05.370Z] [32minfo[39m: O.C.S Bot Online
[2026-05-08T09:20:05.374Z] [32minfo[39m: O.C.S Connected as OCS Bot#0358
[2026-05-08T09:21:21.356Z] [32minfo[39m: Database connected
[2026-05-08T09:21:21.362Z] [32minfo[39m: Restored 19 persistent panels
[2026-05-08T09:21:21.382Z] [32minfo[39m: Schedulers initialized
[2026-05-08T09:21:21.385Z] [32minfo[39m: BattlEye UDP ready: O.C.S.
[2026-05-08T09:21:21.386Z] [32minfo[39m: Sent BattlEye auth packet
[2026-05-08T09:21:21.958Z] [32minfo[39m: O.C.S Bot Online
[2026-05-08T09:21:21.963Z] [32minfo[39m: O.C.S Connected as OCS Bot#0358
